CRITICAL - 2025-03-18 02:37:20 --> ParseError: syntax error, unexpected identifier ""
[Method: GET, Route: /]
in APPPATH\Views\home_view.php on line 414.
 1 SYSTEMPATH\View\View.php(227): CodeIgniter\View\View->CodeIgniter\View\{closure}()
 2 SYSTEMPATH\Common.php(1173): CodeIgniter\View\View->render('home_view', [], true)
 3 APPPATH\Controllers\Home.php(9): view('home_view')
 4 SYSTEMPATH\CodeIgniter.php(933): App\Controllers\Home->index()
 5 SYSTEMPATH\CodeIgniter.php(507): CodeIgniter\CodeIgniter->runController(Object(App\Controllers\Home))
 6 SYSTEMPATH\CodeIgniter.php(354): CodeIgniter\CodeIgniter->handleRequest(null, Object(Config\Cache), false)
 7 SYSTEMPATH\Boot.php(334): CodeIgniter\CodeIgniter->run()
 8 SYSTEMPATH\Boot.php(67): CodeIgniter\Boot::runCodeIgniter(Object(CodeIgniter\CodeIgniter))
 9 FCPATH\index.php(56): CodeIgniter\Boot::bootWeb(Object(Config\Paths))
10 SYSTEMPATH\rewrite.php(44): require_once('C:\\xampp\\htdocs\\layanan_publik\\public\\index.php')
CRITICAL - 2025-03-18 02:37:24 --> ParseError: syntax error, unexpected identifier ""
[Method: GET, Route: /]
in APPPATH\Views\home_view.php on line 414.
 1 SYSTEMPATH\View\View.php(227): CodeIgniter\View\View->CodeIgniter\View\{closure}()
 2 SYSTEMPATH\Common.php(1173): CodeIgniter\View\View->render('home_view', [], true)
 3 APPPATH\Controllers\Home.php(9): view('home_view')
 4 SYSTEMPATH\CodeIgniter.php(933): App\Controllers\Home->index()
 5 SYSTEMPATH\CodeIgniter.php(507): CodeIgniter\CodeIgniter->runController(Object(App\Controllers\Home))
 6 SYSTEMPATH\CodeIgniter.php(354): CodeIgniter\CodeIgniter->handleRequest(null, Object(Config\Cache), false)
 7 SYSTEMPATH\Boot.php(334): CodeIgniter\CodeIgniter->run()
 8 SYSTEMPATH\Boot.php(67): CodeIgniter\Boot::runCodeIgniter(Object(CodeIgniter\CodeIgniter))
 9 FCPATH\index.php(56): CodeIgniter\Boot::bootWeb(Object(Config\Paths))
10 SYSTEMPATH\rewrite.php(44): require_once('C:\\xampp\\htdocs\\layanan_publik\\public\\index.php')
CRITICAL - 2025-03-18 02:37:58 --> ParseError: syntax error, unexpected identifier ""
[Method: GET, Route: /]
in APPPATH\Views\home_view.php on line 414.
 1 SYSTEMPATH\View\View.php(227): CodeIgniter\View\View->CodeIgniter\View\{closure}()
 2 SYSTEMPATH\Common.php(1173): CodeIgniter\View\View->render('home_view', [], true)
 3 APPPATH\Controllers\Home.php(9): view('home_view')
 4 SYSTEMPATH\CodeIgniter.php(933): App\Controllers\Home->index()
 5 SYSTEMPATH\CodeIgniter.php(507): CodeIgniter\CodeIgniter->runController(Object(App\Controllers\Home))
 6 SYSTEMPATH\CodeIgniter.php(354): CodeIgniter\CodeIgniter->handleRequest(null, Object(Config\Cache), false)
 7 SYSTEMPATH\Boot.php(334): CodeIgniter\CodeIgniter->run()
 8 SYSTEMPATH\Boot.php(67): CodeIgniter\Boot::runCodeIgniter(Object(CodeIgniter\CodeIgniter))
 9 FCPATH\index.php(56): CodeIgniter\Boot::bootWeb(Object(Config\Paths))
10 SYSTEMPATH\rewrite.php(44): require_once('C:\\xampp\\htdocs\\layanan_publik\\public\\index.php')
CRITICAL - 2025-03-18 02:39:47 --> ErrorException: Namespace declaration statement has to be the very first statement or after any declare call in the script
[Method: GET, Route: /]
in APPPATH\Views\home_view.php on line 402.
 1 [internal function]: CodeIgniter\Debug\Exceptions->shutdownHandler()
ERROR - 2025-03-18 06:48:52 --> mysqli_sql_exception: Table 'layanan_publik.jenislayanan' doesn't exist in C:\xampp\htdocs\layanan_publik\system\Database\MySQLi\Connection.php:327
Stack trace:
#0 C:\xampp\htdocs\layanan_publik\system\Database\MySQLi\Connection.php(327): mysqli->query('INSERT INTO `je...', 0)
#1 C:\xampp\htdocs\layanan_publik\system\Database\BaseConnection.php(738): CodeIgniter\Database\MySQLi\Connection->execute('INSERT INTO `je...')
#2 C:\xampp\htdocs\layanan_publik\system\Database\BaseConnection.php(652): CodeIgniter\Database\BaseConnection->simpleQuery('INSERT INTO `je...')
#3 C:\xampp\htdocs\layanan_publik\system\Database\BaseBuilder.php(2345): CodeIgniter\Database\BaseConnection->query('INSERT INTO `je...', Array, false)
#4 C:\xampp\htdocs\layanan_publik\app\Database\Seeds\Jenislayanan.php(32): CodeIgniter\Database\BaseBuilder->insert(Array)
#5 C:\xampp\htdocs\layanan_publik\system\Database\Seeder.php(147): App\Database\Seeds\Jenislayanan->run()
#6 C:\xampp\htdocs\layanan_publik\system\Commands\Database\Seed.php(79): CodeIgniter\Database\Seeder->call('App\\Database\\Se...')
#7 C:\xampp\htdocs\layanan_publik\system\CLI\Commands.php(70): CodeIgniter\Commands\Database\Seed->run(Array)
#8 C:\xampp\htdocs\layanan_publik\system\CLI\Console.php(48): CodeIgniter\CLI\Commands->run('db:seed', Array)
#9 C:\xampp\htdocs\layanan_publik\system\Boot.php(360): CodeIgniter\CLI\Console->run()
#10 C:\xampp\htdocs\layanan_publik\system\Boot.php(104): CodeIgniter\Boot::runCommand(Object(CodeIgniter\CLI\Console))
#11 C:\xampp\htdocs\layanan_publik\spark(84): CodeIgniter\Boot::bootSpark(Object(Config\Paths))
#12 {main}
